  [1m[35m (2388.0ms)[0m  [1m[35mCREATE DATABASE "URL_Shortener_development" ENCODING = 'unicode'[0m
  ↳ bin/rails:4
  [1m[35m (2111.5ms)[0m  [1m[35mCREATE DATABASE "URL_Shortener_test" ENCODING = 'unicode'[0m
  ↳ bin/rails:4
  [1m[35m (63.6ms)[0m  [1m[35mCREATE TABLE "schema_migrations" ("version" character varying NOT NULL PRIMARY KEY)[0m
  ↳ bin/rails:4
  [1m[35m (23.5ms)[0m  [1m[35mCREATE TABLE "ar_internal_metadata" ("key" character varying NOT NULL PRIMARY KEY, "value" character varying, "created_at" timestamp NOT NULL, "updated_at" timestamp NOT NULL)[0m
  ↳ bin/rails:4
  [1m[35m (1.8ms)[0m  [1m[34mSELECT pg_try_advisory_lock(1676440910376390690)[0m
  ↳ bin/rails:4
  [1m[35m (3.5ms)[0m  [1m[34mSELECT "schema_migrations"."version" FROM "schema_migrations" ORDER BY "schema_migrations"."version" ASC[0m
  ↳ bin/rails:4
Migrating to CreateUsers (20190502061317)
  [1m[35m (2.4ms)[0m  [1m[35mBEGIN[0m
  ↳ bin/rails:4
  [1m[35m (35.1ms)[0m  [1m[35mCREATE TABLE "users" ("id" bigserial primary key, "email" character varying, "created_at" timestamp NOT NULL, "updated_at" timestamp NOT NULL)[0m
  ↳ db/migrate/20190502061317_create_users.rb:3
  [1m[35m (8.0ms)[0m  [1m[35mCREATE UNIQUE INDEX  "index_users_on_email" ON "users"  ("email")[0m
  ↳ db/migrate/20190502061317_create_users.rb:8
  [1m[36mActiveRecord::SchemaMigration Create (1.5ms)[0m  [1m[32mINSERT INTO "schema_migrations" ("version") VALUES ($1) RETURNING "version"[0m  [["version", "20190502061317"]]
  ↳ bin/rails:4
  [1m[35m (4.8ms)[0m  [1m[35mCOMMIT[0m
  ↳ bin/rails:4
  [1m[36mActiveRecord::InternalMetadata Load (1.4ms)[0m  [1m[34mSELECT  "ar_internal_metadata".* FROM "ar_internal_metadata" WHERE "ar_internal_metadata"."key" = $1 LIMIT $2[0m  [["key", "environment"], ["LIMIT", 1]]
  ↳ bin/rails:4
  [1m[35m (0.6ms)[0m  [1m[35mBEGIN[0m
  ↳ bin/rails:4
  [1m[36mActiveRecord::InternalMetadata Create (2.2ms)[0m  [1m[32mINSERT INTO "ar_internal_metadata" ("key", "value", "created_at", "updated_at") VALUES ($1, $2, $3, $4) RETURNING "key"[0m  [["key", "environment"], ["value", "development"], ["created_at", "2019-05-02 08:04:12.377986"], ["updated_at", "2019-05-02 08:04:12.377986"]]
  ↳ bin/rails:4
  [1m[35m (2.5ms)[0m  [1m[35mCOMMIT[0m
  ↳ bin/rails:4
  [1m[35m (2.3ms)[0m  [1m[34mSELECT pg_advisory_unlock(1676440910376390690)[0m
  ↳ bin/rails:4
  [1m[35m (2.7ms)[0m  [1m[34mSELECT "schema_migrations"."version" FROM "schema_migrations" ORDER BY "schema_migrations"."version" ASC[0m
  ↳ bin/rails:4
  [1m[35m (0.9ms)[0m  [1m[34mSELECT pg_try_advisory_lock(1676440910376390690)[0m
  ↳ bin/rails:4
  [1m[35m (3.5ms)[0m  [1m[34mSELECT "schema_migrations"."version" FROM "schema_migrations" ORDER BY "schema_migrations"."version" ASC[0m
  ↳ bin/rails:4
Migrating to CreateShortenedUrLs (20190502080744)
  [1m[35m (0.7ms)[0m  [1m[35mBEGIN[0m
  ↳ bin/rails:4
  [1m[35m (27.2ms)[0m  [1m[35mCREATE TABLE "shortened_urls" ("id" bigserial primary key, "long_url" character varying, "short_url" character varying, "user_id" integer, "created_at" timestamp NOT NULL, "updated_at" timestamp NOT NULL)[0m
  ↳ db/migrate/20190502080744_create_shortened_ur_ls.rb:3
  [1m[35m (5.4ms)[0m  [1m[35mCREATE UNIQUE INDEX  "index_shortened_urls_on_short_url" ON "shortened_urls"  ("short_url")[0m
  ↳ db/migrate/20190502080744_create_shortened_ur_ls.rb:11
  [1m[36mActiveRecord::SchemaMigration Create (1.6ms)[0m  [1m[32mINSERT INTO "schema_migrations" ("version") VALUES ($1) RETURNING "version"[0m  [["version", "20190502080744"]]
  ↳ bin/rails:4
  [1m[35m (3.7ms)[0m  [1m[35mCOMMIT[0m
  ↳ bin/rails:4
  [1m[36mActiveRecord::InternalMetadata Load (1.7ms)[0m  [1m[34mSELECT  "ar_internal_metadata".* FROM "ar_internal_metadata" WHERE "ar_internal_metadata"."key" = $1 LIMIT $2[0m  [["key", "environment"], ["LIMIT", 1]]
  ↳ bin/rails:4
  [1m[35m (0.5ms)[0m  [1m[35mBEGIN[0m
  ↳ bin/rails:4
  [1m[35m (0.5ms)[0m  [1m[35mCOMMIT[0m
  ↳ bin/rails:4
  [1m[35m (0.9ms)[0m  [1m[34mSELECT pg_advisory_unlock(1676440910376390690)[0m
  ↳ bin/rails:4
  [1m[35m (1.0ms)[0m  [1m[34mSELECT "schema_migrations"."version" FROM "schema_migrations" ORDER BY "schema_migrations"."version" ASC[0m
  ↳ bin/rails:4
  [1m[36mShortenedUrl Exists (6.8ms)[0m  [1m[34mSELECT  1 AS one FROM "shortened_urls" WHERE "shortened_urls"."short_url" = $1 LIMIT $2[0m  [["short_url", "6UgoNHYlfidvRdEqARxqnw"], ["LIMIT", 1]]
  [1m[35m (0.7ms)[0m  [1m[35mBEGIN[0m
  [1m[36mShortenedUrl Exists (1.7ms)[0m  [1m[34mSELECT  1 AS one FROM "shortened_urls" WHERE "shortened_urls"."short_url" IS NULL LIMIT $1[0m  [["LIMIT", 1]]
  [1m[35m (0.7ms)[0m  [1m[31mROLLBACK[0m
  [1m[36mShortenedUrl Exists (5.1ms)[0m  [1m[34mSELECT  1 AS one FROM "shortened_urls" WHERE "shortened_urls"."short_url" = $1 LIMIT $2[0m  [["short_url", "uX1E6JoPHqmJ5ZYkZfeedw"], ["LIMIT", 1]]
  [1m[35m (0.6ms)[0m  [1m[35mBEGIN[0m
  [1m[36mShortenedUrl Exists (1.1ms)[0m  [1m[34mSELECT  1 AS one FROM "shortened_urls" WHERE "shortened_urls"."short_url" = $1 LIMIT $2[0m  [["short_url", "uX1E6JoPHqmJ5ZYkZfeedw"], ["LIMIT", 1]]
  [1m[36mShortenedUrl Create (3.8ms)[0m  [1m[32mINSERT INTO "shortened_urls" ("long_url", "short_url", "user_id", "created_at", "updated_at") VALUES ($1, $2, $3, $4, $5) RETURNING "id"[0m  [["long_url", "test"], ["short_url", "uX1E6JoPHqmJ5ZYkZfeedw"], ["user_id", 1], ["created_at", "2019-05-02 17:03:34.354936"], ["updated_at", "2019-05-02 17:03:34.354936"]]
  [1m[35m (2.1ms)[0m  [1m[35mCOMMIT[0m
  [1m[35m (3.8ms)[0m  [1m[34mSELECT "schema_migrations"."version" FROM "schema_migrations" ORDER BY "schema_migrations"."version" ASC[0m
  ↳ bin/rails:4
  [1m[35m (1.6ms)[0m  [1m[34mSELECT "ar_internal_metadata"."value" FROM "ar_internal_metadata" WHERE "ar_internal_metadata"."key" = $1[0m  [["key", "environment"]]
  ↳ bin/rails:4
  [1m[35m (1.1ms)[0m  [1m[34mSELECT "schema_migrations"."version" FROM "schema_migrations" ORDER BY "schema_migrations"."version" ASC[0m
  ↳ bin/rails:4
  [1m[35m (1.1ms)[0m  [1m[34mSELECT "ar_internal_metadata"."value" FROM "ar_internal_metadata" WHERE "ar_internal_metadata"."key" = $1[0m  [["key", "environment"]]
  ↳ bin/rails:4
  [1m[35m (1.1ms)[0m  [1m[34mSELECT "schema_migrations"."version" FROM "schema_migrations" ORDER BY "schema_migrations"."version" ASC[0m
  ↳ bin/rails:4
  [1m[35m (1.0ms)[0m  [1m[34mSELECT "ar_internal_metadata"."value" FROM "ar_internal_metadata" WHERE "ar_internal_metadata"."key" = $1[0m  [["key", "environment"]]
  ↳ bin/rails:4
  [1m[35m (168.5ms)[0m  [1m[35mDROP DATABASE IF EXISTS "URL_Shortener_development"[0m
  ↳ bin/rails:4
  [1m[35m (151.2ms)[0m  [1m[35mDROP DATABASE IF EXISTS "URL_Shortener_test"[0m
  ↳ bin/rails:4
  [1m[35m (2615.5ms)[0m  [1m[35mCREATE DATABASE "URL_Shortener_development" ENCODING = 'unicode'[0m
  ↳ bin/rails:4
  [1m[35m (1161.6ms)[0m  [1m[35mCREATE DATABASE "URL_Shortener_test" ENCODING = 'unicode'[0m
  ↳ bin/rails:4
  [1m[35mSQL (1.2ms)[0m  [1m[35mCREATE EXTENSION IF NOT EXISTS "plpgsql"[0m
  ↳ db/schema.rb:16
  [1m[35m (1.1ms)[0m  [1m[35mDROP TABLE IF EXISTS "shortened_urls" CASCADE[0m
  ↳ db/schema.rb:18
  [1m[35m (44.1ms)[0m  [1m[35mCREATE TABLE "shortened_urls" ("id" bigserial primary key, "long_url" character varying, "short_url" character varying, "user_id" integer, "created_at" timestamp NOT NULL, "updated_at" timestamp NOT NULL)[0m
  ↳ db/schema.rb:18
  [1m[35m (8.9ms)[0m  [1m[35mCREATE UNIQUE INDEX  "index_shortened_urls_on_short_url" ON "shortened_urls"  ("short_url")[0m
  ↳ db/schema.rb:18
  [1m[35m (1.0ms)[0m  [1m[35mDROP TABLE IF EXISTS "users" CASCADE[0m
  ↳ db/schema.rb:27
  [1m[35m (27.9ms)[0m  [1m[35mCREATE TABLE "users" ("id" bigserial primary key, "email" character varying, "created_at" timestamp NOT NULL, "updated_at" timestamp NOT NULL)[0m
  ↳ db/schema.rb:27
  [1m[35m (10.4ms)[0m  [1m[35mCREATE UNIQUE INDEX  "index_users_on_email" ON "users"  ("email")[0m
  ↳ db/schema.rb:27
  [1m[35m (18.4ms)[0m  [1m[35mCREATE TABLE "schema_migrations" ("version" character varying NOT NULL PRIMARY KEY)[0m
  ↳ db/schema.rb:13
  [1m[35m (3.1ms)[0m  [1m[34mSELECT "schema_migrations"."version" FROM "schema_migrations" ORDER BY "schema_migrations"."version" ASC[0m
  ↳ db/schema.rb:13
  [1m[35m (4.0ms)[0m  [1m[32mINSERT INTO "schema_migrations" (version) VALUES (20190502080744)[0m
  ↳ db/schema.rb:13
  [1m[35m (19.3ms)[0m  [1m[32mINSERT INTO "schema_migrations" (version) VALUES
(20190502061317);

[0m
  ↳ db/schema.rb:13
  [1m[35m (21.5ms)[0m  [1m[35mCREATE TABLE "ar_internal_metadata" ("key" character varying NOT NULL PRIMARY KEY, "value" character varying, "created_at" timestamp NOT NULL, "updated_at" timestamp NOT NULL)[0m
  ↳ db/schema.rb:13
  [1m[36mActiveRecord::InternalMetadata Load (1.3ms)[0m  [1m[34mSELECT  "ar_internal_metadata".* FROM "ar_internal_metadata" WHERE "ar_internal_metadata"."key" = $1 LIMIT $2[0m  [["key", "environment"], ["LIMIT", 1]]
  ↳ db/schema.rb:13
  [1m[35m (0.7ms)[0m  [1m[35mBEGIN[0m
  ↳ db/schema.rb:13
  [1m[36mActiveRecord::InternalMetadata Create (1.6ms)[0m  [1m[32mINSERT INTO "ar_internal_metadata" ("key", "value", "created_at", "updated_at") VALUES ($1, $2, $3, $4) RETURNING "key"[0m  [["key", "environment"], ["value", "development"], ["created_at", "2019-05-02 17:04:10.958117"], ["updated_at", "2019-05-02 17:04:10.958117"]]
  ↳ db/schema.rb:13
  [1m[35m (2.0ms)[0m  [1m[35mCOMMIT[0m
  ↳ db/schema.rb:13
  [1m[36mActiveRecord::InternalMetadata Load (1.0ms)[0m  [1m[34mSELECT  "ar_internal_metadata".* FROM "ar_internal_metadata" WHERE "ar_internal_metadata"."key" = $1 LIMIT $2[0m  [["key", "environment"], ["LIMIT", 1]]
  ↳ bin/rails:4
  [1m[35m (0.5ms)[0m  [1m[35mBEGIN[0m
  ↳ bin/rails:4
  [1m[35m (0.7ms)[0m  [1m[35mCOMMIT[0m
  ↳ bin/rails:4
  [1m[35mSQL (1.2ms)[0m  [1m[35mCREATE EXTENSION IF NOT EXISTS "plpgsql"[0m
  ↳ db/schema.rb:16
  [1m[35m (1.0ms)[0m  [1m[35mDROP TABLE IF EXISTS "shortened_urls" CASCADE[0m
  ↳ db/schema.rb:18
  [1m[35m (40.9ms)[0m  [1m[35mCREATE TABLE "shortened_urls" ("id" bigserial primary key, "long_url" character varying, "short_url" character varying, "user_id" integer, "created_at" timestamp NOT NULL, "updated_at" timestamp NOT NULL)[0m
  ↳ db/schema.rb:18
  [1m[35m (11.1ms)[0m  [1m[35mCREATE UNIQUE INDEX  "index_shortened_urls_on_short_url" ON "shortened_urls"  ("short_url")[0m
  ↳ db/schema.rb:18
  [1m[35m (0.8ms)[0m  [1m[35mDROP TABLE IF EXISTS "users" CASCADE[0m
  ↳ db/schema.rb:27
  [1m[35m (25.3ms)[0m  [1m[35mCREATE TABLE "users" ("id" bigserial primary key, "email" character varying, "created_at" timestamp NOT NULL, "updated_at" timestamp NOT NULL)[0m
  ↳ db/schema.rb:27
  [1m[35m (8.1ms)[0m  [1m[35mCREATE UNIQUE INDEX  "index_users_on_email" ON "users"  ("email")[0m
  ↳ db/schema.rb:27
  [1m[35m (26.2ms)[0m  [1m[35mCREATE TABLE "schema_migrations" ("version" character varying NOT NULL PRIMARY KEY)[0m
  ↳ db/schema.rb:13
  [1m[35m (2.5ms)[0m  [1m[34mSELECT "schema_migrations"."version" FROM "schema_migrations" ORDER BY "schema_migrations"."version" ASC[0m
  ↳ db/schema.rb:13
  [1m[35m (3.0ms)[0m  [1m[32mINSERT INTO "schema_migrations" (version) VALUES (20190502080744)[0m
  ↳ db/schema.rb:13
  [1m[35m (1.9ms)[0m  [1m[32mINSERT INTO "schema_migrations" (version) VALUES
(20190502061317);

[0m
  ↳ db/schema.rb:13
  [1m[35m (16.5ms)[0m  [1m[35mCREATE TABLE "ar_internal_metadata" ("key" character varying NOT NULL PRIMARY KEY, "value" character varying, "created_at" timestamp NOT NULL, "updated_at" timestamp NOT NULL)[0m
  ↳ db/schema.rb:13
  [1m[36mActiveRecord::InternalMetadata Load (1.6ms)[0m  [1m[34mSELECT  "ar_internal_metadata".* FROM "ar_internal_metadata" WHERE "ar_internal_metadata"."key" = $1 LIMIT $2[0m  [["key", "environment"], ["LIMIT", 1]]
  ↳ db/schema.rb:13
  [1m[35m (0.5ms)[0m  [1m[35mBEGIN[0m
  ↳ db/schema.rb:13
  [1m[36mActiveRecord::InternalMetadata Create (1.5ms)[0m  [1m[32mINSERT INTO "ar_internal_metadata" ("key", "value", "created_at", "updated_at") VALUES ($1, $2, $3, $4) RETURNING "key"[0m  [["key", "environment"], ["value", "development"], ["created_at", "2019-05-02 17:04:11.255507"], ["updated_at", "2019-05-02 17:04:11.255507"]]
  ↳ db/schema.rb:13
  [1m[35m (3.0ms)[0m  [1m[35mCOMMIT[0m
  ↳ db/schema.rb:13
  [1m[36mActiveRecord::InternalMetadata Load (1.6ms)[0m  [1m[34mSELECT  "ar_internal_metadata".* FROM "ar_internal_metadata" WHERE "ar_internal_metadata"."key" = $1 LIMIT $2[0m  [["key", "environment"], ["LIMIT", 1]]
  ↳ bin/rails:4
  [1m[35m (0.5ms)[0m  [1m[35mBEGIN[0m
  ↳ bin/rails:4
  [1m[36mActiveRecord::InternalMetadata Update (1.6ms)[0m  [1m[33mUPDATE "ar_internal_metadata" SET "value" = $1, "updated_at" = $2 WHERE "ar_internal_metadata"."key" = $3[0m  [["value", "test"], ["updated_at", "2019-05-02 17:04:11.274109"], ["key", "environment"]]
  ↳ bin/rails:4
  [1m[35m (2.2ms)[0m  [1m[35mCOMMIT[0m
  ↳ bin/rails:4
  [1m[35m (3.6ms)[0m  [1m[34mSELECT "schema_migrations"."version" FROM "schema_migrations" ORDER BY "schema_migrations"."version" ASC[0m
  ↳ bin/rails:4
  [1m[35m (3.6ms)[0m  [1m[34mSELECT "schema_migrations"."version" FROM "schema_migrations" ORDER BY "schema_migrations"."version" ASC[0m
  ↳ bin/rails:4
  [1m[35m (1.2ms)[0m  [1m[34mSELECT "ar_internal_metadata"."value" FROM "ar_internal_metadata" WHERE "ar_internal_metadata"."key" = $1[0m  [["key", "environment"]]
  ↳ bin/rails:4
  [1m[35m (1.0ms)[0m  [1m[34mSELECT "schema_migrations"."version" FROM "schema_migrations" ORDER BY "schema_migrations"."version" ASC[0m
  ↳ bin/rails:4
  [1m[35m (0.9ms)[0m  [1m[34mSELECT "ar_internal_metadata"."value" FROM "ar_internal_metadata" WHERE "ar_internal_metadata"."key" = $1[0m  [["key", "environment"]]
  ↳ bin/rails:4
  [1m[35m (1.0ms)[0m  [1m[34mSELECT "schema_migrations"."version" FROM "schema_migrations" ORDER BY "schema_migrations"."version" ASC[0m
  ↳ bin/rails:4
  [1m[35m (1.0ms)[0m  [1m[34mSELECT "ar_internal_metadata"."value" FROM "ar_internal_metadata" WHERE "ar_internal_metadata"."key" = $1[0m  [["key", "environment"]]
  ↳ bin/rails:4
  [1m[35m (158.6ms)[0m  [1m[35mDROP DATABASE IF EXISTS "URL_Shortener_development"[0m
  ↳ bin/rails:4
  [1m[35m (283.5ms)[0m  [1m[35mDROP DATABASE IF EXISTS "URL_Shortener_test"[0m
  ↳ bin/rails:4
  [1m[35m (1146.4ms)[0m  [1m[35mCREATE DATABASE "URL_Shortener_development" ENCODING = 'unicode'[0m
  ↳ bin/rails:4
  [1m[35m (2267.3ms)[0m  [1m[35mCREATE DATABASE "URL_Shortener_test" ENCODING = 'unicode'[0m
  ↳ bin/rails:4
  [1m[35mSQL (1.1ms)[0m  [1m[35mCREATE EXTENSION IF NOT EXISTS "plpgsql"[0m
  ↳ db/schema.rb:16
  [1m[35m (1.0ms)[0m  [1m[35mDROP TABLE IF EXISTS "shortened_urls" CASCADE[0m
  ↳ db/schema.rb:18
  [1m[35m (39.3ms)[0m  [1m[35mCREATE TABLE "shortened_urls" ("id" bigserial primary key, "long_url" character varying, "short_url" character varying, "user_id" integer, "created_at" timestamp NOT NULL, "updated_at" timestamp NOT NULL)[0m
  ↳ db/schema.rb:18
  [1m[35m (8.4ms)[0m  [1m[35mCREATE UNIQUE INDEX  "index_shortened_urls_on_short_url" ON "shortened_urls"  ("short_url")[0m
  ↳ db/schema.rb:18
  [1m[35m (0.7ms)[0m  [1m[35mDROP TABLE IF EXISTS "users" CASCADE[0m
  ↳ db/schema.rb:27
  [1m[35m (17.9ms)[0m  [1m[35mCREATE TABLE "users" ("id" bigserial primary key, "email" character varying, "created_at" timestamp NOT NULL, "updated_at" timestamp NOT NULL)[0m
  ↳ db/schema.rb:27
  [1m[35m (10.0ms)[0m  [1m[35mCREATE UNIQUE INDEX  "index_users_on_email" ON "users"  ("email")[0m
  ↳ db/schema.rb:27
  [1m[35m (16.3ms)[0m  [1m[35mCREATE TABLE "schema_migrations" ("version" character varying NOT NULL PRIMARY KEY)[0m
  ↳ db/schema.rb:13
  [1m[35m (3.0ms)[0m  [1m[34mSELECT "schema_migrations"."version" FROM "schema_migrations" ORDER BY "schema_migrations"."version" ASC[0m
  ↳ db/schema.rb:13
  [1m[35m (3.1ms)[0m  [1m[32mINSERT INTO "schema_migrations" (version) VALUES (20190502080744)[0m
  ↳ db/schema.rb:13
  [1m[35m (2.0ms)[0m  [1m[32mINSERT INTO "schema_migrations" (version) VALUES
(20190502061317);

[0m
  ↳ db/schema.rb:13
  [1m[35m (18.7ms)[0m  [1m[35mCREATE TABLE "ar_internal_metadata" ("key" character varying NOT NULL PRIMARY KEY, "value" character varying, "created_at" timestamp NOT NULL, "updated_at" timestamp NOT NULL)[0m
  ↳ db/schema.rb:13
  [1m[36mActiveRecord::InternalMetadata Load (1.3ms)[0m  [1m[34mSELECT  "ar_internal_metadata".* FROM "ar_internal_metadata" WHERE "ar_internal_metadata"."key" = $1 LIMIT $2[0m  [["key", "environment"], ["LIMIT", 1]]
  ↳ db/schema.rb:13
  [1m[35m (0.6ms)[0m  [1m[35mBEGIN[0m
  ↳ db/schema.rb:13
  [1m[36mActiveRecord::InternalMetadata Create (1.7ms)[0m  [1m[32mINSERT INTO "ar_internal_metadata" ("key", "value", "created_at", "updated_at") VALUES ($1, $2, $3, $4) RETURNING "key"[0m  [["key", "environment"], ["value", "development"], ["created_at", "2019-05-02 17:14:55.858292"], ["updated_at", "2019-05-02 17:14:55.858292"]]
  ↳ db/schema.rb:13
  [1m[35m (10.3ms)[0m  [1m[35mCOMMIT[0m
  ↳ db/schema.rb:13
  [1m[36mActiveRecord::InternalMetadata Load (1.3ms)[0m  [1m[34mSELECT  "ar_internal_metadata".* FROM "ar_internal_metadata" WHERE "ar_internal_metadata"."key" = $1 LIMIT $2[0m  [["key", "environment"], ["LIMIT", 1]]
  ↳ bin/rails:4
  [1m[35m (0.5ms)[0m  [1m[35mBEGIN[0m
  ↳ bin/rails:4
  [1m[35m (0.6ms)[0m  [1m[35mCOMMIT[0m
  ↳ bin/rails:4
  [1m[35mSQL (1.0ms)[0m  [1m[35mCREATE EXTENSION IF NOT EXISTS "plpgsql"[0m
  ↳ db/schema.rb:16
  [1m[35m (0.7ms)[0m  [1m[35mDROP TABLE IF EXISTS "shortened_urls" CASCADE[0m
  ↳ db/schema.rb:18
  [1m[35m (30.9ms)[0m  [1m[35mCREATE TABLE "shortened_urls" ("id" bigserial primary key, "long_url" character varying, "short_url" character varying, "user_id" integer, "created_at" timestamp NOT NULL, "updated_at" timestamp NOT NULL)[0m
  ↳ db/schema.rb:18
  [1m[35m (8.4ms)[0m  [1m[35mCREATE UNIQUE INDEX  "index_shortened_urls_on_short_url" ON "shortened_urls"  ("short_url")[0m
  ↳ db/schema.rb:18
  [1m[35m (0.8ms)[0m  [1m[35mDROP TABLE IF EXISTS "users" CASCADE[0m
  ↳ db/schema.rb:27
  [1m[35m (17.1ms)[0m  [1m[35mCREATE TABLE "users" ("id" bigserial primary key, "email" character varying, "created_at" timestamp NOT NULL, "updated_at" timestamp NOT NULL)[0m
  ↳ db/schema.rb:27
  [1m[35m (7.5ms)[0m  [1m[35mCREATE UNIQUE INDEX  "index_users_on_email" ON "users"  ("email")[0m
  ↳ db/schema.rb:27
  [1m[35m (14.9ms)[0m  [1m[35mCREATE TABLE "schema_migrations" ("version" character varying NOT NULL PRIMARY KEY)[0m
  ↳ db/schema.rb:13
  [1m[35m (2.5ms)[0m  [1m[34mSELECT "schema_migrations"."version" FROM "schema_migrations" ORDER BY "schema_migrations"."version" ASC[0m
  ↳ db/schema.rb:13
  [1m[35m (8.1ms)[0m  [1m[32mINSERT INTO "schema_migrations" (version) VALUES (20190502080744)[0m
  ↳ db/schema.rb:13
  [1m[35m (3.0ms)[0m  [1m[32mINSERT INTO "schema_migrations" (version) VALUES
(20190502061317);

[0m
  ↳ db/schema.rb:13
  [1m[35m (19.3ms)[0m  [1m[35mCREATE TABLE "ar_internal_metadata" ("key" character varying NOT NULL PRIMARY KEY, "value" character varying, "created_at" timestamp NOT NULL, "updated_at" timestamp NOT NULL)[0m
  ↳ db/schema.rb:13
  [1m[36mActiveRecord::InternalMetadata Load (1.4ms)[0m  [1m[34mSELECT  "ar_internal_metadata".* FROM "ar_internal_metadata" WHERE "ar_internal_metadata"."key" = $1 LIMIT $2[0m  [["key", "environment"], ["LIMIT", 1]]
  ↳ db/schema.rb:13
  [1m[35m (0.5ms)[0m  [1m[35mBEGIN[0m
  ↳ db/schema.rb:13
  [1m[36mActiveRecord::InternalMetadata Create (1.6ms)[0m  [1m[32mINSERT INTO "ar_internal_metadata" ("key", "value", "created_at", "updated_at") VALUES ($1, $2, $3, $4) RETURNING "key"[0m  [["key", "environment"], ["value", "development"], ["created_at", "2019-05-02 17:14:56.140136"], ["updated_at", "2019-05-02 17:14:56.140136"]]
  ↳ db/schema.rb:13
  [1m[35m (2.3ms)[0m  [1m[35mCOMMIT[0m
  ↳ db/schema.rb:13
  [1m[36mActiveRecord::InternalMetadata Load (1.2ms)[0m  [1m[34mSELECT  "ar_internal_metadata".* FROM "ar_internal_metadata" WHERE "ar_internal_metadata"."key" = $1 LIMIT $2[0m  [["key", "environment"], ["LIMIT", 1]]
  ↳ bin/rails:4
  [1m[35m (0.5ms)[0m  [1m[35mBEGIN[0m
  ↳ bin/rails:4
  [1m[36mActiveRecord::InternalMetadata Update (1.3ms)[0m  [1m[33mUPDATE "ar_internal_metadata" SET "value" = $1, "updated_at" = $2 WHERE "ar_internal_metadata"."key" = $3[0m  [["value", "test"], ["updated_at", "2019-05-02 17:14:56.158494"], ["key", "environment"]]
  ↳ bin/rails:4
  [1m[35m (2.2ms)[0m  [1m[35mCOMMIT[0m
  ↳ bin/rails:4
  [1m[35m (4.1ms)[0m  [1m[34mSELECT "schema_migrations"."version" FROM "schema_migrations" ORDER BY "schema_migrations"."version" ASC[0m
  ↳ bin/rails:4
  [1m[35m (1.2ms)[0m  [1m[35mBEGIN[0m
  [1m[36mUser Exists (3.6ms)[0m  [1m[34mSELECT  1 AS one FROM "users" WHERE "users"."email" = $1 LIMIT $2[0m  [["email", "email@email.com"], ["LIMIT", 1]]
  [1m[36mUser Create (2.0ms)[0m  [1m[32mINSERT INTO "users" ("email", "created_at", "updated_at") VALUES ($1, $2, $3) RETURNING "id"[0m  [["email", "email@email.com"], ["created_at", "2019-05-02 17:17:27.285751"], ["updated_at", "2019-05-02 17:17:27.285751"]]
  [1m[35m (5.9ms)[0m  [1m[35mCOMMIT[0m
  [1m[36mShortenedUrl Exists (2.8ms)[0m  [1m[34mSELECT  1 AS one FROM "shortened_urls" WHERE "shortened_urls"."short_url" = $1 LIMIT $2[0m  [["short_url", "l9klwlXv4y8vvTqA_i5PJw"], ["LIMIT", 1]]
  [1m[35m (0.7ms)[0m  [1m[35mBEGIN[0m
  [1m[36mShortenedUrl Exists (1.3ms)[0m  [1m[34mSELECT  1 AS one FROM "shortened_urls" WHERE "shortened_urls"."short_url" = $1 LIMIT $2[0m  [["short_url", "l9klwlXv4y8vvTqA_i5PJw"], ["LIMIT", 1]]
  [1m[35m (0.7ms)[0m  [1m[31mROLLBACK[0m
  [1m[36mShortenedUrl Exists (2.3ms)[0m  [1m[34mSELECT  1 AS one FROM "shortened_urls" WHERE "shortened_urls"."short_url" = $1 LIMIT $2[0m  [["short_url", "DvnBqm3WK9GZs2TcjSsaOQ"], ["LIMIT", 1]]
  [1m[35m (0.8ms)[0m  [1m[35mBEGIN[0m
  [1m[36mShortenedUrl Exists (2.3ms)[0m  [1m[34mSELECT  1 AS one FROM "shortened_urls" WHERE "shortened_urls"."short_url" = $1 LIMIT $2[0m  [["short_url", "DvnBqm3WK9GZs2TcjSsaOQ"], ["LIMIT", 1]]
  [1m[35m (0.7ms)[0m  [1m[31mROLLBACK[0m
  [1m[36mUser Load (1.8ms)[0m  [1m[34mSELECT  "users".* FROM "users" ORDER BY "users"."id" ASC LIMIT $1[0m  [["LIMIT", 1]]
  [1m[36mShortenedUrl Exists (2.8ms)[0m  [1m[34mSELECT  1 AS one FROM "shortened_urls" WHERE "shortened_urls"."short_url" = $1 LIMIT $2[0m  [["short_url", "ZZn_qAPOOUx2qxKLm-1K_w"], ["LIMIT", 1]]
  [1m[35m (0.6ms)[0m  [1m[35mBEGIN[0m
  [1m[36mShortenedUrl Exists (1.2ms)[0m  [1m[34mSELECT  1 AS one FROM "shortened_urls" WHERE "shortened_urls"."short_url" = $1 LIMIT $2[0m  [["short_url", "ZZn_qAPOOUx2qxKLm-1K_w"], ["LIMIT", 1]]
  [1m[36mUser Load (1.1ms)[0m  [1m[34mSELECT  "users".* FROM "users" WHERE "users"."id" = $1 LIMIT $2[0m  [["id", 1], ["LIMIT", 1]]
  [1m[36mShortenedUrl Create (2.6ms)[0m  [1m[32mINSERT INTO "shortened_urls" ("long_url", "short_url", "user_id", "created_at", "updated_at") VALUES ($1, $2, $3, $4, $5) RETURNING "id"[0m  [["long_url", "this"], ["short_url", "ZZn_qAPOOUx2qxKLm-1K_w"], ["user_id", 1], ["created_at", "2019-05-02 17:29:52.521477"], ["updated_at", "2019-05-02 17:29:52.521477"]]
  [1m[35m (2.2ms)[0m  [1m[35mCOMMIT[0m
  [1m[36mUser Load (1.6ms)[0m  [1m[34mSELECT  "users".* FROM "users" ORDER BY "users"."id" ASC LIMIT $1[0m  [["LIMIT", 1]]
  [1m[36mShortenedUrl Load (2.0ms)[0m  [1m[34mSELECT  "shortened_urls".* FROM "shortened_urls" WHERE "shortened_urls"."user_id" = $1 LIMIT $2[0m  [["user_id", 1], ["LIMIT", 11]]
  [1m[36mShortenedUrl Exists (4.2ms)[0m  [1m[34mSELECT  1 AS one FROM "shortened_urls" WHERE "shortened_urls"."short_url" = $1 LIMIT $2[0m  [["short_url", "dzqJael9VgO56jPaF2jiFw"], ["LIMIT", 1]]
  [1m[35m (0.6ms)[0m  [1m[35mBEGIN[0m
  [1m[36mShortenedUrl Exists (1.4ms)[0m  [1m[34mSELECT  1 AS one FROM "shortened_urls" WHERE "shortened_urls"."short_url" = $1 LIMIT $2[0m  [["short_url", "dzqJael9VgO56jPaF2jiFw"], ["LIMIT", 1]]
  [1m[36mUser Load (1.1ms)[0m  [1m[34mSELECT  "users".* FROM "users" WHERE "users"."id" = $1 LIMIT $2[0m  [["id", 1], ["LIMIT", 1]]
  [1m[36mShortenedUrl Create (1.7ms)[0m  [1m[32mINSERT INTO "shortened_urls" ("long_url", "short_url", "user_id", "created_at", "updated_at") VALUES ($1, $2, $3, $4, $5) RETURNING "id"[0m  [["long_url", "that"], ["short_url", "dzqJael9VgO56jPaF2jiFw"], ["user_id", 1], ["created_at", "2019-05-02 17:33:06.435648"], ["updated_at", "2019-05-02 17:33:06.435648"]]
  [1m[35m (2.2ms)[0m  [1m[35mCOMMIT[0m
  [1m[35m (1.7ms)[0m  [1m[35mBEGIN[0m
  [1m[36mUser Exists (2.1ms)[0m  [1m[34mSELECT  1 AS one FROM "users" WHERE "users"."email" = $1 LIMIT $2[0m  [["email", "newemail@yip.com"], ["LIMIT", 1]]
  [1m[36mUser Create (2.3ms)[0m  [1m[32mINSERT INTO "users" ("email", "created_at", "updated_at") VALUES ($1, $2, $3) RETURNING "id"[0m  [["email", "newemail@yip.com"], ["created_at", "2019-05-02 17:37:51.149678"], ["updated_at", "2019-05-02 17:37:51.149678"]]
  [1m[35m (7.2ms)[0m  [1m[35mCOMMIT[0m
  [1m[36mShortenedUrl Exists (1.7ms)[0m  [1m[34mSELECT  1 AS one FROM "shortened_urls" WHERE "shortened_urls"."short_url" = $1 LIMIT $2[0m  [["short_url", "sNUIXA2Nbl_q3XJv4XPhig"], ["LIMIT", 1]]
  [1m[35m (0.7ms)[0m  [1m[35mBEGIN[0m
  [1m[36mShortenedUrl Exists (1.7ms)[0m  [1m[34mSELECT  1 AS one FROM "shortened_urls" WHERE "shortened_urls"."short_url" = $1 LIMIT $2[0m  [["short_url", "sNUIXA2Nbl_q3XJv4XPhig"], ["LIMIT", 1]]
  [1m[36mUser Load (6.9ms)[0m  [1m[34mSELECT  "users".* FROM "users" WHERE "users"."id" = $1 LIMIT $2[0m  [["id", 2], ["LIMIT", 1]]
  [1m[36mShortenedUrl Create (5.2ms)[0m  [1m[32mINSERT INTO "shortened_urls" ("long_url", "short_url", "user_id", "created_at", "updated_at") VALUES ($1, $2, $3, $4, $5) RETURNING "id"[0m  [["long_url", "hm"], ["short_url", "sNUIXA2Nbl_q3XJv4XPhig"], ["user_id", 2], ["created_at", "2019-05-02 17:38:10.449321"], ["updated_at", "2019-05-02 17:38:10.449321"]]
  [1m[35m (4.7ms)[0m  [1m[35mCOMMIT[0m
  [1m[36mShortenedUrl Load (2.1ms)[0m  [1m[34mSELECT  "shortened_urls".* FROM "shortened_urls" WHERE "shortened_urls"."user_id" = $1 LIMIT $2[0m  [["user_id", 1], ["LIMIT", 11]]
  [1m[35m (0.8ms)[0m  [1m[34mSELECT pg_try_advisory_lock(1676440910376390690)[0m
  ↳ bin/rails:4
  [1m[35m (4.6ms)[0m  [1m[34mSELECT "schema_migrations"."version" FROM "schema_migrations" ORDER BY "schema_migrations"."version" ASC[0m
  ↳ bin/rails:4
Migrating to AddVisitsJoin (20190504105958)
  [1m[35m (1.1ms)[0m  [1m[34mSELECT pg_advisory_unlock(1676440910376390690)[0m
  ↳ bin/rails:4
  [1m[35m (0.7ms)[0m  [1m[34mSELECT pg_try_advisory_lock(1676440910376390690)[0m
  ↳ bin/rails:4
  [1m[35m (3.5ms)[0m  [1m[34mSELECT "schema_migrations"."version" FROM "schema_migrations" ORDER BY "schema_migrations"."version" ASC[0m
  ↳ bin/rails:4
Migrating to AddVisitsJoin (20190504105958)
  [1m[35m (0.6ms)[0m  [1m[35mBEGIN[0m
  ↳ bin/rails:4
  [1m[35m (66.2ms)[0m  [1m[35mCREATE TABLE "visits" ("id" bigserial primary key, "user_id" integer, "shortened_url_id" integer, "num_visits" integer, "created_at" timestamp NOT NULL, "updated_at" timestamp NOT NULL)[0m
  ↳ db/migrate/20190504105958_add_visits_join.rb:3
  [1m[35m (6.5ms)[0m  [1m[35mCREATE  INDEX  "index_visits_on_user_id" ON "visits"  ("user_id")[0m
  ↳ db/migrate/20190504105958_add_visits_join.rb:10
  [1m[35m (6.4ms)[0m  [1m[35mCREATE  INDEX  "index_visits_on_shortened_url_id" ON "visits"  ("shortened_url_id")[0m
  ↳ db/migrate/20190504105958_add_visits_join.rb:11
  [1m[36mActiveRecord::SchemaMigration Create (1.3ms)[0m  [1m[32mINSERT INTO "schema_migrations" ("version") VALUES ($1) RETURNING "version"[0m  [["version", "20190504105958"]]
  ↳ bin/rails:4
  [1m[35m (5.1ms)[0m  [1m[35mCOMMIT[0m
  ↳ bin/rails:4
  [1m[36mActiveRecord::InternalMetadata Load (3.3ms)[0m  [1m[34mSELECT  "ar_internal_metadata".* FROM "ar_internal_metadata" WHERE "ar_internal_metadata"."key" = $1 LIMIT $2[0m  [["key", "environment"], ["LIMIT", 1]]
  ↳ bin/rails:4
  [1m[35m (0.5ms)[0m  [1m[35mBEGIN[0m
  ↳ bin/rails:4
  [1m[35m (0.7ms)[0m  [1m[35mCOMMIT[0m
  ↳ bin/rails:4
  [1m[35m (1.6ms)[0m  [1m[34mSELECT pg_advisory_unlock(1676440910376390690)[0m
  ↳ bin/rails:4
  [1m[35m (1.1ms)[0m  [1m[34mSELECT "schema_migrations"."version" FROM "schema_migrations" ORDER BY "schema_migrations"."version" ASC[0m
  ↳ bin/rails:4
  [1m[35m (1.7ms)[0m  [1m[35mBEGIN[0m
  [1m[36mUser Exists (9.8ms)[0m  [1m[34mSELECT  1 AS one FROM "users" WHERE "users"."email" = $1 LIMIT $2[0m  [["email", "email@y.com"], ["LIMIT", 1]]
  [1m[36mUser Create (6.4ms)[0m  [1m[32mINSERT INTO "users" ("email", "created_at", "updated_at") VALUES ($1, $2, $3) RETURNING "id"[0m  [["email", "email@y.com"], ["created_at", "2019-05-07 15:26:35.349870"], ["updated_at", "2019-05-07 15:26:35.349870"]]
  [1m[35m (3.6ms)[0m  [1m[35mCOMMIT[0m
  [1m[36mShortenedUrl Exists (6.7ms)[0m  [1m[34mSELECT  1 AS one FROM "shortened_urls" WHERE "shortened_urls"."short_url" = $1 LIMIT $2[0m  [["short_url", "_Yl5uCXSjutnkH8UDG-iGw"], ["LIMIT", 1]]
  [1m[35m (0.7ms)[0m  [1m[35mBEGIN[0m
  [1m[36mShortenedUrl Exists (1.2ms)[0m  [1m[34mSELECT  1 AS one FROM "shortened_urls" WHERE "shortened_urls"."short_url" = $1 LIMIT $2[0m  [["short_url", "_Yl5uCXSjutnkH8UDG-iGw"], ["LIMIT", 1]]
  [1m[36mUser Load (1.1ms)[0m  [1m[34mSELECT  "users".* FROM "users" WHERE "users"."id" = $1 LIMIT $2[0m  [["id", 3], ["LIMIT", 1]]
  [1m[36mShortenedUrl Create (3.5ms)[0m  [1m[32mINSERT INTO "shortened_urls" ("long_url", "short_url", "user_id", "created_at", "updated_at") VALUES ($1, $2, $3, $4, $5) RETURNING "id"[0m  [["long_url", "longurl"], ["short_url", "_Yl5uCXSjutnkH8UDG-iGw"], ["user_id", 3], ["created_at", "2019-05-07 15:27:10.744244"], ["updated_at", "2019-05-07 15:27:10.744244"]]
  [1m[35m (1.8ms)[0m  [1m[35mCOMMIT[0m
  [1m[35m (1.1ms)[0m  [1m[35mBEGIN[0m
  [1m[36mShortenedUrl Exists (1.3ms)[0m  [1m[34mSELECT  1 AS one FROM "shortened_urls" WHERE "shortened_urls"."short_url" = $1 AND "shortened_urls"."id" != $2 LIMIT $3[0m  [["short_url", "_Yl5uCXSjutnkH8UDG-iGw"], ["id", 4], ["LIMIT", 1]]
  [1m[35m (1.6ms)[0m  [1m[35mCOMMIT[0m
  [1m[36mUser Load (1.8ms)[0m  [1m[34mSELECT  "users".* FROM "users" ORDER BY "users"."id" ASC LIMIT $1[0m  [["LIMIT", 1]]
  [1m[36mShortenedUrl Load (1.5ms)[0m  [1m[34mSELECT  "shortened_urls".* FROM "shortened_urls" ORDER BY "shortened_urls"."id" ASC LIMIT $1[0m  [["LIMIT", 1]]
  [1m[36mVisit Exists (10.5ms)[0m  [1m[34mSELECT  1 AS one FROM "visits" WHERE "visits"."user_id" = $1 AND "visits"."shortened_url_id" = $2 LIMIT $3[0m  [["user_id", 1], ["shortened_url_id", 1], ["LIMIT", 1]]
  [1m[35m (0.7ms)[0m  [1m[35mBEGIN[0m
  [1m[36mUser Load (0.8ms)[0m  [1m[34mSELECT  "users".* FROM "users" WHERE "users"."id" = $1 LIMIT $2[0m  [["id", 1], ["LIMIT", 1]]
  [1m[36mShortenedUrl Load (1.1ms)[0m  [1m[34mSELECT  "shortened_urls".* FROM "shortened_urls" WHERE "shortened_urls"."id" = $1 LIMIT $2[0m  [["id", 1], ["LIMIT", 1]]
  [1m[36mVisit Create (3.4ms)[0m  [1m[32mINSERT INTO "visits" ("user_id", "shortened_url_id", "num_visits", "created_at", "updated_at") VALUES ($1, $2, $3, $4, $5) RETURNING "id"[0m  [["user_id", 1], ["shortened_url_id", 1], ["num_visits", 0], ["created_at", "2019-05-07 15:33:12.103039"], ["updated_at", "2019-05-07 15:33:12.103039"]]
  [1m[35m (2.3ms)[0m  [1m[35mCOMMIT[0m
  [1m[36mVisit Exists (2.6ms)[0m  [1m[34mSELECT  1 AS one FROM "visits" WHERE "visits"."user_id" = $1 AND "visits"."shortened_url_id" = $2 LIMIT $3[0m  [["user_id", 1], ["shortened_url_id", 1], ["LIMIT", 1]]
  [1m[36mVisit Load (1.5ms)[0m  [1m[34mSELECT  "visits".* FROM "visits" WHERE "visits"."user_id" = $1 AND "visits"."shortened_url_id" = $2 LIMIT $3[0m  [["user_id", 1], ["shortened_url_id", 1], ["LIMIT", 1]]
  [1m[36mUser Load (1.9ms)[0m  [1m[34mSELECT  "users".* FROM "users" ORDER BY "users"."id" ASC LIMIT $1[0m  [["LIMIT", 1]]
  [1m[36mShortenedUrl Load (2.1ms)[0m  [1m[34mSELECT  "shortened_urls".* FROM "shortened_urls" ORDER BY "shortened_urls"."id" ASC LIMIT $1[0m  [["LIMIT", 1]]
  [1m[36mVisit Exists (2.7ms)[0m  [1m[34mSELECT  1 AS one FROM "visits" WHERE "visits"."user_id" = $1 AND "visits"."shortened_url_id" = $2 LIMIT $3[0m  [["user_id", 1], ["shortened_url_id", 1], ["LIMIT", 1]]
  [1m[36mVisit Load (1.4ms)[0m  [1m[34mSELECT  "visits".* FROM "visits" WHERE "visits"."user_id" = $1 AND "visits"."shortened_url_id" = $2 LIMIT $3[0m  [["user_id", 1], ["shortened_url_id", 1], ["LIMIT", 1]]
  [1m[36mVisit Update All (7.0ms)[0m  [1m[33mUPDATE "visits" SET "num_visits" = COALESCE("num_visits", 0) + 1 WHERE "visits"."id" = $1[0m  [["id", 1]]
  [1m[36mVisit Exists (2.6ms)[0m  [1m[34mSELECT  1 AS one FROM "visits" WHERE "visits"."user_id" = $1 AND "visits"."shortened_url_id" = $2 LIMIT $3[0m  [["user_id", 1], ["shortened_url_id", 1], ["LIMIT", 1]]
  [1m[36mVisit Load (2.5ms)[0m  [1m[34mSELECT  "visits".* FROM "visits" WHERE "visits"."user_id" = $1 AND "visits"."shortened_url_id" = $2 LIMIT $3[0m  [["user_id", 1], ["shortened_url_id", 1], ["LIMIT", 1]]
  [1m[36mVisit Update All (8.7ms)[0m  [1m[33mUPDATE "visits" SET "num_visits" = COALESCE("num_visits", 0) + 1 WHERE "visits"."id" = $1[0m  [["id", 1]]
  [1m[36mUser Load (2.0ms)[0m  [1m[34mSELECT  "users".* FROM "users" INNER JOIN "visits" ON "users"."id" = "visits"."user_id" WHERE "visits"."shortened_url_id" = $1 LIMIT $2[0m  [["shortened_url_id", 1], ["LIMIT", 11]]
  [1m[36mVisit Load (1.5ms)[0m  [1m[34mSELECT  "visits".* FROM "visits" WHERE "visits"."shortened_url_id" = $1 LIMIT $2[0m  [["shortened_url_id", 1], ["LIMIT", 11]]
  [1m[36mVisit Load (2.6ms)[0m  [1m[34mSELECT  "visits".* FROM "visits" WHERE "visits"."shortened_url_id" = $1 LIMIT $2[0m  [["shortened_url_id", 1], ["LIMIT", 11]]
  [1m[36mShortenedUrl Load (1.7ms)[0m  [1m[34mSELECT  "shortened_urls".* FROM "shortened_urls" ORDER BY "shortened_urls"."id" ASC LIMIT $1[0m  [["LIMIT", 1]]
  [1m[36mVisit Load (1.8ms)[0m  [1m[34mSELECT  "visits".* FROM "visits" WHERE "visits"."shortened_url_id" = $1 LIMIT $2[0m  [["shortened_url_id", 1], ["LIMIT", 11]]
  [1m[36mUser Load (2.3ms)[0m  [1m[34mSELECT  "users".* FROM "users" WHERE "users"."id" = $1 LIMIT $2[0m  [["id", 2], ["LIMIT", 1]]
  [1m[36mVisit Exists (4.6ms)[0m  [1m[34mSELECT  1 AS one FROM "visits" WHERE "visits"."user_id" = $1 AND "visits"."shortened_url_id" = $2 LIMIT $3[0m  [["user_id", 2], ["shortened_url_id", 1], ["LIMIT", 1]]
  [1m[35m (1.0ms)[0m  [1m[35mBEGIN[0m
  [1m[36mUser Load (1.3ms)[0m  [1m[34mSELECT  "users".* FROM "users" WHERE "users"."id" = $1 LIMIT $2[0m  [["id", 2], ["LIMIT", 1]]
  [1m[36mShortenedUrl Load (0.9ms)[0m  [1m[34mSELECT  "shortened_urls".* FROM "shortened_urls" WHERE "shortened_urls"."id" = $1 LIMIT $2[0m  [["id", 1], ["LIMIT", 1]]
  [1m[36mVisit Create (1.7ms)[0m  [1m[32mINSERT INTO "visits" ("user_id", "shortened_url_id", "num_visits", "created_at", "updated_at") VALUES ($1, $2, $3, $4, $5) RETURNING "id"[0m  [["user_id", 2], ["shortened_url_id", 1], ["num_visits", 1], ["created_at", "2019-05-07 15:49:32.279140"], ["updated_at", "2019-05-07 15:49:32.279140"]]
  [1m[35m (9.3ms)[0m  [1m[35mCOMMIT[0m
  [1m[36mVisit Load (2.1ms)[0m  [1m[34mSELECT  "visits".* FROM "visits" WHERE "visits"."shortened_url_id" = $1 LIMIT $2[0m  [["shortened_url_id", 1], ["LIMIT", 11]]
  [1m[36mVisit Load (1.3ms)[0m  [1m[34mSELECT "visits".* FROM "visits" WHERE "visits"."shortened_url_id" = $1[0m  [["shortened_url_id", 1]]
  [1m[35m (12.7ms)[0m  [1m[34mSELECT COUNT(*) FROM "users" INNER JOIN "visits" ON "users"."id" = "visits"."user_id" WHERE "visits"."shortened_url_id" = $1[0m  [["shortened_url_id", 1]]
